<?xml version="1.0" encoding="UTF-8"?>
<testng-results ignored="0" total="0" passed="0" failed="0" skipped="0">
  <reporter-output>
  </reporter-output>
  <suite started-at="2022-03-30T00:27:56 EDT" name="Default suite" finished-at="2022-03-30T00:27:56 EDT" duration-ms="549">
    <groups>
      <group name="cucumber">
        <method signature="AbstractTestNGCucumberTests.runScenario(io.cucumber.testng.PickleWrapper,io.cucumber.testng.FeatureWrapper)[pri:0, instance:runnerfile.userrunner@5656be13]" name="runScenario" class="io.cucumber.testng.AbstractTestNGCucumberTests"/>
      </group> <!-- cucumber -->
    </groups>
    <test started-at="2022-03-30T00:27:56 EDT" name="Default test" finished-at="2022-03-30T00:27:56 EDT" duration-ms="549">
      <class name="runnerfile.userrunner">
        <test-method is-config="true" signature="setUpClass(org.testng.ITestContext)[pri:0, instance:runnerfile.userrunner@5656be13]" started-at="2022-03-30T00:27:56 EDT" name="setUpClass" finished-at="2022-03-30T00:27:56 EDT" duration-ms="496" status="PASS">
          <params>
            <param index="0">
              <value>
                <![CDATA[org.testng.TestRunner@791d1f8b]]>
              </value>
            </param>
          </params>
          <reporter-output>
          </reporter-output>
        </test-method> <!-- setUpClass -->
        <test-method is-config="true" signature="tearDownClass()[pri:0, instance:runnerfile.userrunner@5656be13]" started-at="2022-03-30T00:27:56 EDT" name="tearDownClass" finished-at="2022-03-30T00:27:56 EDT" duration-ms="16" status="PASS">
          <reporter-output>
          </reporter-output>
        </test-method> <!-- tearDownClass -->
      </class> <!-- runnerfile.userrunner -->
    </test> <!-- Default test -->
  </suite> <!-- Default suite -->
</testng-results>
